╔══════════════════════════════════════════════════════════════════════════════╗
║              Aeron Cluster Load Generator Starting...                       ║
╚══════════════════════════════════════════════════════════════════════════════╝

→ Launching embedded Media Driver...
WARNING: Could not set desired SO_SNDBUF, adjust OS to allow aeron.socket.so_sndbuf attempted=4194304, actual=212992
WARNING: Could not set desired SO_RCVBUF, adjust OS to allow aeron.socket.so_rcvbuf attempted=4194304, actual=212992
✓ Media Driver launched
→ Connecting to Aeron Cluster...
✓ Connected to cluster: 0=localhost:9002,1=localhost:9102,2=localhost:9202

╔══════════════════════════════════════════════════════════════════════════════╗
║                          Load Test Configuration                            ║
╠══════════════════════════════════════════════════════════════════════════════╣
║ Target Rate:         150,000 orders/sec                                        ║
║ Duration:                 45 seconds                                            ║
║ Worker Threads:            4                                                    ║
║ Market:           BTC-USD                                                     ║
║ Scenario:         Aggressive Trading                                          ║
╚══════════════════════════════════════════════════════════════════════════════╝

→ Starting load generation...

[Worker-0] Started, target rate: 37500 msg/s
[Worker-2] Started, target rate: 37500 msg/s
[Worker-1] Started, target rate: 37500 msg/s
[Worker-3] Started, target rate: 37500 msg/s
→ JIT Warmup phase: 10 seconds (metrics disabled)...
│   84,107 msg/s │    205,223 sent │          0 success │        0 fails │      1 BP │ 100.00% │ p50:    0.0μs │ p99:    0.0μs │
│  119,765 msg/s │    444,874 sent │          0 success │        0 fails │      3 BP │ 100.00% │ p50:    0.0μs │ p99:    0.0μs │
│  117,596 msg/s │    680,420 sent │          0 success │        0 fails │      5 BP │ 100.00% │ p50:    0.0μs │ p99:    0.0μs │
│  124,689 msg/s │    929,300 sent │          0 success │        0 fails │      7 BP │ 100.00% │ p50:    0.0μs │ p99:    0.0μs │
│  121,240 msg/s │  1,171,902 sent │          0 success │        0 fails │      8 BP │ 100.00% │ p50:    0.0μs │ p99:    0.0μs │
→ Warmup complete, starting measurement...
│  120,591 msg/s │    240,338 sent │    240,338 success │        0 fails │      2 BP │ 100.00% │ p50:    0.3μs │ p99: 2979.8μs │
│  118,270 msg/s │    476,406 sent │    476,406 success │        0 fails │      4 BP │ 100.00% │ p50:    0.3μs │ p99: 3141.9μs │
│  114,078 msg/s │    704,562 sent │    704,562 success │        0 fails │      6 BP │ 100.00% │ p50:    0.3μs │ p99: 2953.0μs │
│  120,568 msg/s │    945,698 sent │    945,698 success │        0 fails │      8 BP │ 100.00% │ p50:    0.3μs │ p99: 2947.9μs │
│  121,713 msg/s │  1,189,247 sent │  1,189,247 success │        0 fails │     10 BP │ 100.00% │ p50:    0.3μs │ p99: 2908.0μs │
│  117,545 msg/s │  1,424,455 sent │  1,424,455 success │        0 fails │     11 BP │ 100.00% │ p50:    0.3μs │ p99: 2856.6μs │
│  117,838 msg/s │  1,660,132 sent │  1,660,132 success │        0 fails │     13 BP │ 100.00% │ p50:    0.3μs │ p99: 2937.4μs │
│  117,815 msg/s │  1,895,880 sent │  1,895,880 success │        0 fails │     15 BP │ 100.00% │ p50:    0.3μs │ p99: 2944.3μs │
│  118,082 msg/s │  2,131,926 sent │  2,131,926 success │        0 fails │     17 BP │ 100.00% │ p50:    0.3μs │ p99: 2958.5μs │
│  120,572 msg/s │  2,373,071 sent │  2,373,071 success │        0 fails │     19 BP │ 100.00% │ p50:    0.3μs │ p99: 2968.4μs │
│  123,425 msg/s │  2,619,798 sent │  2,619,798 success │        0 fails │     20 BP │ 100.00% │ p50:    0.3μs │ p99: 2916.8μs │
│  120,041 msg/s │  2,859,761 sent │  2,859,762 success │        0 fails │     22 BP │ 100.00% │ p50:    0.3μs │ p99: 2903.5μs │
│  123,050 msg/s │  3,105,985 sent │  3,105,985 success │        0 fails │     24 BP │ 100.00% │ p50:    0.3μs │ p99: 2910.1μs │
│  123,136 msg/s │  3,352,134 sent │  3,352,135 success │        0 fails │     26 BP │ 100.00% │ p50:    0.3μs │ p99: 2927.7μs │
│  118,598 msg/s │  3,589,450 sent │  3,589,450 success │        0 fails │     28 BP │ 100.00% │ p50:    0.3μs │ p99: 2919.1μs │
[Egress] Received 10,000 responses from cluster
│  120,984 msg/s │  3,831,299 sent │  3,831,300 success │        0 fails │     30 BP │ 100.00% │ p50:    0.3μs │ p99: 2913.9μs │
│  119,567 msg/s │  4,070,433 sent │  4,070,433 success │        0 fails │     31 BP │ 100.00% │ p50:    0.3μs │ p99: 2917.9μs │

→ Test duration reached, stopping...
[Worker-2] Stopped, enqueued 1,316,085 messages
[Worker-0] Stopped, enqueued 1,383,511 messages
[Worker-3] Stopped, enqueued 1,330,171 messages
[Worker-1] Stopped, enqueued 1,327,905 messages

→ Shutting down load generator...

╔══════════════════════════════════════════════════════════════════════════════╗
║                              Final Results                                   ║
╚══════════════════════════════════════════════════════════════════════════════╝

Total Duration:            45,481 ms
Messages Sent:          4,185,731
Successful:             4,185,731 (100.00%)
Failed:                         0
Backpressure Events:           32
Timeouts:                       0
Average Throughput:     92,032.52 msg/s

Latency Distribution (μs):
  Min:                       0.16 μs
  p50 (median):              0.27 μs
  p95:                   2,315.46 μs
  p99:                   2,898.41 μs
  Max:                   6,055.78 μs
  Avg:                     369.11 μs

✓ Load generator stopped
exit=0
