╔══════════════════════════════════════════════════════════════════════════════╗
║              Aeron Cluster Load Generator Starting...                       ║
╚══════════════════════════════════════════════════════════════════════════════╝

→ Launching embedded Media Driver...
WARNING: Could not set desired SO_SNDBUF, adjust OS to allow aeron.socket.so_sndbuf attempted=4194304, actual=212992
WARNING: Could not set desired SO_RCVBUF, adjust OS to allow aeron.socket.so_rcvbuf attempted=4194304, actual=212992
✓ Media Driver launched
→ Connecting to Aeron Cluster...
✓ Connected to cluster: 0=localhost:9002,1=localhost:9102,2=localhost:9202

╔══════════════════════════════════════════════════════════════════════════════╗
║                          Load Test Configuration                            ║
╠══════════════════════════════════════════════════════════════════════════════╣
║ Target Rate:          10,000 orders/sec                                        ║
║ Duration:                 45 seconds                                            ║
║ Worker Threads:            4                                                    ║
║ Market:           BTC-USD                                                     ║
║ Scenario:         Aggressive Trading                                          ║
╚══════════════════════════════════════════════════════════════════════════════╝

→ Starting load generation...

[Worker-0] Started, target rate: 2500 msg/s
[Worker-2] Started, target rate: 2500 msg/s
[Worker-1] Started, target rate: 2500 msg/s
[Worker-3] Started, target rate: 2500 msg/s
→ JIT Warmup phase: 10 seconds (metrics disabled)...
│    7,020 msg/s │     16,491 sent │          0 success │        0 fails │      0 BP │ 100.00% │ p50:    0.0μs │ p99:    0.0μs │
│    8,805 msg/s │     34,129 sent │          0 success │        0 fails │      0 BP │ 100.00% │ p50:    0.0μs │ p99:    0.0μs │
│    8,658 msg/s │     51,420 sent │          0 success │        0 fails │      0 BP │ 100.00% │ p50:    0.0μs │ p99:    0.0μs │
│    8,946 msg/s │     69,313 sent │          0 success │        0 fails │      0 BP │ 100.00% │ p50:    0.0μs │ p99:    0.0μs │
│    8,578 msg/s │     86,469 sent │          0 success │        0 fails │      0 BP │ 100.00% │ p50:    0.0μs │ p99:    0.0μs │
→ Warmup complete, starting measurement...
│    8,706 msg/s │     17,361 sent │     17,361 success │        0 fails │      0 BP │ 100.00% │ p50:    0.3μs │ p99: 3000.2μs │
│    8,446 msg/s │     34,254 sent │     34,254 success │        0 fails │      0 BP │ 100.00% │ p50:    0.3μs │ p99: 3000.1μs │
│    8,813 msg/s │     51,880 sent │     51,880 success │        0 fails │      1 BP │ 100.00% │ p50:    0.3μs │ p99: 2999.9μs │
│    8,381 msg/s │     68,642 sent │     68,642 success │        0 fails │      1 BP │ 100.00% │ p50:    0.3μs │ p99: 2999.6μs │
│    8,372 msg/s │     85,386 sent │     85,386 success │        0 fails │      1 BP │ 100.00% │ p50:    0.3μs │ p99: 2999.4μs │
│    8,496 msg/s │    102,378 sent │    102,378 success │        0 fails │      1 BP │ 100.00% │ p50:    0.3μs │ p99: 2999.7μs │
│    8,043 msg/s │    118,474 sent │    118,474 success │        0 fails │      1 BP │ 100.00% │ p50:    0.3μs │ p99: 2998.9μs │
│    8,185 msg/s │    134,861 sent │    134,861 success │        0 fails │      1 BP │ 100.00% │ p50:    0.3μs │ p99: 2936.8μs │
│    8,548 msg/s │    151,933 sent │    151,933 success │        0 fails │      1 BP │ 100.00% │ p50:    0.3μs │ p99: 2945.7μs │
│    8,660 msg/s │    169,253 sent │    169,253 success │        0 fails │      1 BP │ 100.00% │ p50:    0.3μs │ p99: 2974.2μs │
│    8,483 msg/s │    186,220 sent │    186,220 success │        0 fails │      2 BP │ 100.00% │ p50:    0.3μs │ p99: 2994.0μs │
│    8,761 msg/s │    203,742 sent │    203,742 success │        0 fails │      2 BP │ 100.00% │ p50:    0.3μs │ p99: 2995.6μs │
│    8,727 msg/s │    221,197 sent │    221,199 success │        0 fails │      2 BP │ 100.00% │ p50:    0.3μs │ p99: 2999.3μs │
│    8,537 msg/s │    238,272 sent │    238,272 success │        0 fails │      2 BP │ 100.00% │ p50:    0.3μs │ p99: 2999.1μs │
│    8,786 msg/s │    255,845 sent │    255,845 success │        0 fails │      2 BP │ 100.00% │ p50:    0.3μs │ p99: 2999.1μs │
│    8,767 msg/s │    273,379 sent │    273,379 success │        0 fails │      2 BP │ 100.00% │ p50:    0.3μs │ p99: 2999.5μs │
│    8,668 msg/s │    290,716 sent │    290,716 success │        0 fails │      2 BP │ 100.00% │ p50:    0.3μs │ p99: 2999.6μs │

→ Test duration reached, stopping...
[Worker-3] Stopped, enqueued 94,975 messages
[Worker-1] Stopped, enqueued 97,564 messages
[Worker-0] Stopped, enqueued 96,444 messages
[Worker-2] Stopped, enqueued 96,740 messages

→ Shutting down load generator...

╔══════════════════════════════════════════════════════════════════════════════╗
║                              Final Results                                   ║
╚══════════════════════════════════════════════════════════════════════════════╝

Total Duration:            45,362 ms
Messages Sent:            299,254
Successful:               299,254 (100.00%)
Failed:                         0
Backpressure Events:            2
Timeouts:                       0
Average Throughput:      6,597.02 msg/s

Latency Distribution (μs):
  Min:                       0.16 μs
  p50 (median):              0.30 μs
  p95:                   2,001.34 μs
  p99:                   2,999.62 μs
  Max:                   6,489.48 μs
  Avg:                     265.24 μs

✓ Load generator stopped
exit=0
