╔══════════════════════════════════════════════════════════════════════════════╗
║              Aeron Cluster Load Generator Starting...                       ║
╚══════════════════════════════════════════════════════════════════════════════╝

→ Launching embedded Media Driver...
✓ Media Driver launched
→ Connecting to Aeron Cluster...
✓ Connected to cluster: 0=localhost:9002,1=localhost:9102,2=localhost:9202

╔══════════════════════════════════════════════════════════════════════════════╗
║                          Load Test Configuration                            ║
╠══════════════════════════════════════════════════════════════════════════════╣
║ Target Rate:         500,000 orders/sec                                        ║
║ Duration:                 35 seconds                                            ║
║ Worker Threads:            1                                                    ║
║ Market:           BTC-USD                                                     ║
║ Scenario:         Aggressive Trading                                          ║
╚══════════════════════════════════════════════════════════════════════════════╝

→ Starting load generation...

[Worker-0] Started, target rate: 500000 msg/s
→ JIT Warmup phase: 10 seconds (metrics disabled)...
│  415,398 msg/s │    987,817 sent │          0 success │        0 fails │      7 BP │ 100.00% │ p50:    0.0μs │ p99:    0.0μs │
│  498,754 msg/s │  1,984,827 sent │          0 success │        0 fails │     15 BP │ 100.00% │ p50:    0.0μs │ p99:    0.0μs │
│  499,341 msg/s │  2,983,510 sent │          0 success │        0 fails │     22 BP │ 100.00% │ p50:    0.0μs │ p99:    0.0μs │
│  498,480 msg/s │  3,980,471 sent │          0 success │        0 fails │     30 BP │ 100.00% │ p50:    0.0μs │ p99:    0.0μs │
│  498,293 msg/s │  4,977,057 sent │          0 success │        0 fails │     37 BP │ 100.00% │ p50:    0.0μs │ p99:    0.0μs │
→ Warmup complete, starting measurement...
│  499,462 msg/s │    996,427 sent │    996,433 success │        0 fails │      8 BP │ 100.00% │ p50:    0.2μs │ p99:    2.0μs │
│  499,384 msg/s │  1,995,695 sent │  1,995,700 success │        0 fails │     16 BP │ 100.00% │ p50:    0.2μs │ p99:    0.3μs │
│  499,236 msg/s │  2,993,668 sent │  2,993,673 success │        0 fails │     23 BP │ 100.00% │ p50:    0.3μs │ p99:    1.8μs │
[Egress] Received 10,000 responses from cluster
│  499,658 msg/s │  3,992,985 sent │  3,992,991 success │        0 fails │     31 BP │ 100.00% │ p50:    0.2μs │ p99:    0.3μs │
│  499,715 msg/s │  4,992,415 sent │  4,992,420 success │        0 fails │     39 BP │ 100.00% │ p50:    0.2μs │ p99:    0.4μs │
│  450,837 msg/s │  5,894,089 sent │  5,894,093 success │   96,616 fails │ 966,205 BP │  98.39% │ p50:    0.2μs │ p99:    1.7μs │
│  498,888 msg/s │  6,891,866 sent │  6,891,866 success │   96,616 fails │ 966,213 BP │  98.62% │ p50:    0.2μs │ p99:    0.3μs │
│  498,009 msg/s │  7,888,882 sent │  7,888,887 success │   96,616 fails │ 966,221 BP │  98.79% │ p50:    0.3μs │ p99:    1.8μs │
│  499,682 msg/s │  8,887,248 sent │  8,887,252 success │   96,616 fails │ 966,228 BP │  98.92% │ p50:    0.2μs │ p99:    0.3μs │
│  497,532 msg/s │  9,882,811 sent │  9,882,811 success │   96,616 fails │ 966,236 BP │  99.03% │ p50:    0.2μs │ p99:    0.4μs │
│  499,548 msg/s │ 10,881,408 sent │ 10,881,409 success │   96,616 fails │ 966,244 BP │  99.12% │ p50:    0.2μs │ p99:    3.6μs │
│  499,761 msg/s │ 11,881,431 sent │ 11,881,434 success │   96,616 fails │ 966,251 BP │  99.19% │ p50:    0.2μs │ p99:    0.4μs │

→ Test duration reached, stopping...
[Worker-0] Stopped, enqueued 17,455,641 messages

→ Shutting down load generator...

╔══════════════════════════════════════════════════════════════════════════════╗
║                              Final Results                                   ║
╚══════════════════════════════════════════════════════════════════════════════╝

Total Duration:            35,408 ms
Messages Sent:         12,380,801
Successful:            12,380,801 (99.23%)
Failed:                    96,616
Backpressure Events:      966,255
Timeouts:                  96,616
Average Throughput:    349,661.12 msg/s

Latency Distribution (μs):
  Min:                       0.14 μs
  p50 (median):              0.23 μs
  p95:                       0.31 μs
  p99:                       0.34 μs
  Max:                      82.28 μs
  Avg:                       0.25 μs

✓ Load generator stopped
