╔══════════════════════════════════════════════════════════════════════════════╗
║              Aeron Cluster Load Generator Starting...                       ║
╚══════════════════════════════════════════════════════════════════════════════╝

→ Launching embedded Media Driver...
✓ Media Driver launched
→ Connecting to Aeron Cluster...
✓ Connected to cluster: 0=localhost:9002,1=localhost:9102,2=localhost:9202

╔══════════════════════════════════════════════════════════════════════════════╗
║                          Load Test Configuration                            ║
╠══════════════════════════════════════════════════════════════════════════════╣
║ Target Rate:         800,000 orders/sec                                        ║
║ Duration:                 20 seconds                                            ║
║ Worker Threads:            1                                                    ║
║ Market:           BTC-USD                                                     ║
║ Scenario:         Aggressive Trading                                          ║
╚══════════════════════════════════════════════════════════════════════════════╝

→ Starting load generation...

[Worker-0] Started, target rate: 800000 msg/s
→ JIT Warmup phase: 8 seconds (metrics disabled)...
│  662,350 msg/s │  1,575,070 sent │          0 success │        0 fails │ 150,240 BP │ 100.00% │ p50:    0.0μs │ p99:    0.0μs │
│  798,394 msg/s │  3,171,060 sent │          0 success │        0 fails │ 150,253 BP │ 100.00% │ p50:    0.0μs │ p99:    0.0μs │
│  798,480 msg/s │  4,768,021 sent │          0 success │        0 fails │ 150,265 BP │ 100.00% │ p50:    0.0μs │ p99:    0.0μs │
│  797,624 msg/s │  6,363,270 sent │          0 success │        0 fails │ 150,277 BP │ 100.00% │ p50:    0.0μs │ p99:    0.0μs │
→ Warmup complete, starting measurement...
│  796,808 msg/s │  1,591,227 sent │  1,591,236 success │        0 fails │     12 BP │ 100.00% │ p50:    0.2μs │ p99:    0.4μs │
│  794,375 msg/s │  3,179,184 sent │  3,179,193 success │        0 fails │     24 BP │ 100.00% │ p50:    0.2μs │ p99:    4.9μs │
[Egress] Received 10,000 responses from cluster
│  797,499 msg/s │  4,774,980 sent │  4,774,980 success │        0 fails │     36 BP │ 100.00% │ p50:    0.2μs │ p99:    0.3μs │
│  798,268 msg/s │  6,370,719 sent │  6,370,747 success │        0 fails │     49 BP │ 100.00% │ p50:    0.3μs │ p99:    0.9μs │
│  796,105 msg/s │  7,962,930 sent │  7,962,960 success │        0 fails │     61 BP │ 100.00% │ p50:    0.3μs │ p99:    2.2μs │

→ Test duration reached, stopping...
[Worker-0] Stopped, enqueued 15,887,890 messages
│  780,276 msg/s │  9,523,482 sent │  9,523,482 success │        0 fails │     73 BP │ 100.00% │ p50:    0.2μs │ p99:    0.3μs │

→ Shutting down load generator...

╔══════════════════════════════════════════════════════════════════════════════╗
║                              Final Results                                   ║
╚══════════════════════════════════════════════════════════════════════════════╝

Total Duration:            20,429 ms
Messages Sent:          9,523,482
Successful:             9,523,482 (100.00%)
Failed:                         0
Backpressure Events:           73
Timeouts:                       0
Average Throughput:    466,174.65 msg/s

Latency Distribution (μs):
  Min:                       0.15 μs
  p50 (median):              0.22 μs
  p95:                       0.25 μs
  p99:                       0.32 μs
  Max:                      39.22 μs
  Avg:                       0.23 μs

✓ Load generator stopped
