╔══════════════════════════════════════════════════════════════════════════════╗
║              Aeron Cluster Load Generator Starting...                       ║
╚══════════════════════════════════════════════════════════════════════════════╝

→ Launching embedded Media Driver...
WARNING: Could not set desired SO_SNDBUF, adjust OS to allow aeron.socket.so_sndbuf attempted=4194304, actual=212992
WARNING: Could not set desired SO_RCVBUF, adjust OS to allow aeron.socket.so_rcvbuf attempted=4194304, actual=212992
✓ Media Driver launched
→ Connecting to Aeron Cluster...
✓ Connected to cluster: 0=localhost:9002,1=localhost:9102,2=localhost:9202

╔══════════════════════════════════════════════════════════════════════════════╗
║                          Load Test Configuration                            ║
╠══════════════════════════════════════════════════════════════════════════════╣
║ Target Rate:         300,000 orders/sec                                        ║
║ Duration:                 45 seconds                                            ║
║ Worker Threads:            1                                                    ║
║ Market:           BTC-USD                                                     ║
║ Scenario:         Aggressive Trading                                          ║
╚══════════════════════════════════════════════════════════════════════════════╝

→ Starting load generation...

[Worker-0] Started, target rate: 300000 msg/s
→ JIT Warmup phase: 10 seconds (metrics disabled)...
│  251,288 msg/s │    598,318 sent │          0 success │        0 fails │      4 BP │ 100.00% │ p50:    0.0μs │ p99:    0.0μs │
│  300,050 msg/s │  1,197,518 sent │          0 success │        0 fails │      9 BP │ 100.00% │ p50:    0.0μs │ p99:    0.0μs │
│  299,779 msg/s │  1,797,377 sent │          0 success │        0 fails │     13 BP │ 100.00% │ p50:    0.0μs │ p99:    0.0μs │
│  299,969 msg/s │  2,397,017 sent │          0 success │        0 fails │     18 BP │ 100.00% │ p50:    0.0μs │ p99:    0.0μs │
│  299,737 msg/s │  2,996,491 sent │          0 success │        0 fails │     22 BP │ 100.00% │ p50:    0.0μs │ p99:    0.0μs │
→ Warmup complete, starting measurement...
│  300,468 msg/s │    599,434 sent │    599,436 success │        0 fails │      5 BP │ 100.00% │ p50:    0.2μs │ p99:    1.8μs │
│  299,494 msg/s │  1,198,124 sent │  1,198,125 success │        0 fails │     10 BP │ 100.00% │ p50:    0.2μs │ p99:    1.6μs │
│  299,949 msg/s │  1,798,023 sent │  1,798,025 success │        0 fails │     14 BP │ 100.00% │ p50:    0.2μs │ p99:    1.4μs │
│  299,923 msg/s │  2,397,870 sent │  2,397,873 success │        0 fails │     19 BP │ 100.00% │ p50:    0.2μs │ p99:    0.3μs │
│  299,949 msg/s │  2,997,769 sent │  2,997,770 success │        0 fails │     23 BP │ 100.00% │ p50:    0.2μs │ p99:    1.4μs │
│  299,918 msg/s │  3,597,606 sent │  3,597,610 success │        0 fails │     28 BP │ 100.00% │ p50:    0.2μs │ p99:    1.6μs │
│  300,009 msg/s │  4,197,625 sent │  4,197,626 success │        0 fails │     32 BP │ 100.00% │ p50:    0.2μs │ p99:    1.4μs │
│  299,927 msg/s │  4,797,480 sent │  4,797,484 success │        0 fails │     37 BP │ 100.00% │ p50:    0.2μs │ p99:    1.4μs │
[Egress] Received 10,000 responses from cluster
│  299,979 msg/s │  5,397,439 sent │  5,397,441 success │        0 fails │     42 BP │ 100.00% │ p50:    0.2μs │ p99:    1.5μs │
│  299,929 msg/s │  5,997,297 sent │  5,997,301 success │        0 fails │     46 BP │ 100.00% │ p50:    0.3μs │ p99:    1.6μs │
│  299,925 msg/s │  6,597,148 sent │  6,597,151 success │        0 fails │     51 BP │ 100.00% │ p50:    0.3μs │ p99:    1.8μs │
│  299,986 msg/s │  7,197,120 sent │  7,197,122 success │        0 fails │     55 BP │ 100.00% │ p50:    0.2μs │ p99:    1.7μs │
│  299,656 msg/s │  7,796,432 sent │  7,796,437 success │        0 fails │     60 BP │ 100.00% │ p50:    0.2μs │ p99:    1.2μs │
│  299,722 msg/s │  8,395,876 sent │  8,395,877 success │        0 fails │     64 BP │ 100.00% │ p50:    0.2μs │ p99:    0.3μs │
│  299,746 msg/s │  8,995,369 sent │  8,995,372 success │        0 fails │     69 BP │ 100.00% │ p50:    0.2μs │ p99:    1.3μs │
│  299,941 msg/s │  9,595,251 sent │  9,595,251 success │        0 fails │     74 BP │ 100.00% │ p50:    0.2μs │ p99:    1.5μs │
│  298,451 msg/s │ 10,192,154 sent │ 10,192,157 success │        0 fails │     78 BP │ 100.00% │ p50:    0.2μs │ p99:    1.5μs │

→ Test duration reached, stopping...
[Worker-0] Stopped, enqueued 13,489,111 messages

→ Shutting down load generator...

╔══════════════════════════════════════════════════════════════════════════════╗
║                              Final Results                                   ║
╚══════════════════════════════════════════════════════════════════════════════╝

Total Duration:            45,408 ms
Messages Sent:         10,491,993
Successful:            10,491,993 (100.00%)
Failed:                         0
Backpressure Events:           80
Timeouts:                       0
Average Throughput:    231,060.45 msg/s

Latency Distribution (μs):
  Min:                       0.14 μs
  p50 (median):              0.21 μs
  p95:                       0.27 μs
  p99:                       1.18 μs
  Max:                   4,002.53 μs
  Avg:                       4.33 μs

✓ Load generator stopped
