╔══════════════════════════════════════════════════════════════════════════════╗
║              Aeron Cluster Load Generator Starting...                       ║
╚══════════════════════════════════════════════════════════════════════════════╝

→ Launching embedded Media Driver...
WARNING: Could not set desired SO_SNDBUF, adjust OS to allow aeron.socket.so_sndbuf attempted=4194304, actual=212992
WARNING: Could not set desired SO_RCVBUF, adjust OS to allow aeron.socket.so_rcvbuf attempted=4194304, actual=212992
✓ Media Driver launched
→ Connecting to Aeron Cluster...
✓ Connected to cluster: 0=localhost:9002,1=localhost:9102,2=localhost:9202

╔══════════════════════════════════════════════════════════════════════════════╗
║                          Load Test Configuration                            ║
╠══════════════════════════════════════════════════════════════════════════════╣
║ Target Rate:         500,000 orders/sec                                        ║
║ Duration:                 45 seconds                                            ║
║ Worker Threads:            1                                                    ║
║ Market:           BTC-USD                                                     ║
║ Scenario:         Aggressive Trading                                          ║
╚══════════════════════════════════════════════════════════════════════════════╝

→ Starting load generation...

[Worker-0] Started, target rate: 500000 msg/s
→ JIT Warmup phase: 10 seconds (metrics disabled)...
│  408,645 msg/s │    986,880 sent │          0 success │        0 fails │      7 BP │ 100.00% │ p50:    0.0μs │ p99:    0.0μs │
│  499,218 msg/s │  1,984,818 sent │          0 success │        0 fails │     15 BP │ 100.00% │ p50:    0.0μs │ p99:    0.0μs │
│  498,581 msg/s │  2,981,981 sent │          0 success │        0 fails │     22 BP │ 100.00% │ p50:    0.0μs │ p99:    0.0μs │
│  499,277 msg/s │  3,980,535 sent │          0 success │        0 fails │     30 BP │ 100.00% │ p50:    0.0μs │ p99:    0.0μs │
│  499,138 msg/s │  4,978,811 sent │          0 success │        0 fails │     37 BP │ 100.00% │ p50:    0.0μs │ p99:    0.0μs │
→ Warmup complete, starting measurement...
│  499,110 msg/s │    994,229 sent │    994,233 success │        0 fails │      7 BP │ 100.00% │ p50:    0.3μs │ p99:    1.8μs │
│  499,157 msg/s │  1,993,043 sent │  1,993,049 success │        0 fails │     15 BP │ 100.00% │ p50:    0.2μs │ p99:    0.3μs │
│  499,388 msg/s │  2,991,320 sent │  2,991,326 success │        0 fails │     22 BP │ 100.00% │ p50:    0.2μs │ p99:    1.4μs │
[Egress] Received 10,000 responses from cluster
│  499,639 msg/s │  3,990,599 sent │  3,990,602 success │        0 fails │     30 BP │ 100.00% │ p50:    0.2μs │ p99:    1.4μs │
│  499,589 msg/s │  4,989,778 sent │  4,989,782 success │        0 fails │     38 BP │ 100.00% │ p50:    0.2μs │ p99:    0.4μs │
│  499,534 msg/s │  5,988,846 sent │  5,988,851 success │        0 fails │     45 BP │ 100.00% │ p50:    0.3μs │ p99:    0.5μs │
│  499,132 msg/s │  6,987,110 sent │  6,987,114 success │        0 fails │     53 BP │ 100.00% │ p50:    0.2μs │ p99:    1.6μs │
│  499,289 msg/s │  7,985,689 sent │  7,985,693 success │        0 fails │     60 BP │ 100.00% │ p50:    0.2μs │ p99:    0.3μs │
│  497,187 msg/s │  8,980,063 sent │  8,980,063 success │        0 fails │     68 BP │ 100.00% │ p50:    0.2μs │ p99:    1.6μs │
│  497,663 msg/s │  9,975,887 sent │  9,975,891 success │        0 fails │     76 BP │ 100.00% │ p50:    0.3μs │ p99:    1.4μs │
│  499,648 msg/s │ 10,974,685 sent │ 10,974,690 success │        0 fails │     83 BP │ 100.00% │ p50:    0.2μs │ p99:    0.3μs │
│  499,658 msg/s │ 11,974,001 sent │ 11,974,004 success │        0 fails │     91 BP │ 100.00% │ p50:    0.2μs │ p99:    0.4μs │
[Egress] Received 20,000 responses from cluster
│  499,390 msg/s │ 12,972,781 sent │ 12,972,787 success │        0 fails │     98 BP │ 100.00% │ p50:    0.2μs │ p99:    1.4μs │
│  499,627 msg/s │ 13,972,035 sent │ 13,972,040 success │        0 fails │    106 BP │ 100.00% │ p50:    0.2μs │ p99:    0.3μs │
│  494,886 msg/s │ 14,962,303 sent │ 14,962,307 success │        0 fails │    114 BP │ 100.00% │ p50:    0.2μs │ p99:    1.7μs │
│  498,235 msg/s │ 15,958,773 sent │ 15,958,778 success │        0 fails │    121 BP │ 100.00% │ p50:    0.2μs │ p99:    1.6μs │
│  498,934 msg/s │ 16,956,144 sent │ 16,956,148 success │        0 fails │    129 BP │ 100.00% │ p50:    0.2μs │ p99:    0.3μs │

→ Test duration reached, stopping...
[Worker-0] Stopped, enqueued 22,438,473 messages

→ Shutting down load generator...

╔══════════════════════════════════════════════════════════════════════════════╗
║                              Final Results                                   ║
╚══════════════════════════════════════════════════════════════════════════════╝

Total Duration:            45,444 ms
Messages Sent:         17,457,290
Successful:            17,457,290 (100.00%)
Failed:                         0
Backpressure Events:          133
Timeouts:                       0
Average Throughput:    384,149.50 msg/s

Latency Distribution (μs):
  Min:                       0.15 μs
  p50 (median):              0.22 μs
  p95:                       0.27 μs
  p99:                       0.33 μs
  Max:                   3,187.19 μs
  Avg:                       2.99 μs

✓ Load generator stopped
