╔══════════════════════════════════════════════════════════════════════════════╗
║              Aeron Cluster Load Generator Starting...                       ║
╚══════════════════════════════════════════════════════════════════════════════╝

→ Launching embedded Media Driver...
WARNING: Could not set desired SO_SNDBUF, adjust OS to allow aeron.socket.so_sndbuf attempted=4194304, actual=212992
WARNING: Could not set desired SO_RCVBUF, adjust OS to allow aeron.socket.so_rcvbuf attempted=4194304, actual=212992
✓ Media Driver launched
→ Connecting to Aeron Cluster...
✓ Connected to cluster: 0=localhost:9002,1=localhost:9102,2=localhost:9202

╔══════════════════════════════════════════════════════════════════════════════╗
║                          Load Test Configuration                            ║
╠══════════════════════════════════════════════════════════════════════════════╣
║ Target Rate:         600,000 orders/sec                                        ║
║ Duration:                 45 seconds                                            ║
║ Worker Threads:            1                                                    ║
║ Market:           BTC-USD                                                     ║
║ Scenario:         Aggressive Trading                                          ║
╚══════════════════════════════════════════════════════════════════════════════╝

→ Starting load generation...

[Worker-0] Started, target rate: 600000 msg/s
→ JIT Warmup phase: 10 seconds (metrics disabled)...
│  488,679 msg/s │  1,185,536 sent │          0 success │        0 fails │      9 BP │ 100.00% │ p50:    0.0μs │ p99:    0.0μs │
│  599,101 msg/s │  2,384,938 sent │          0 success │        0 fails │     18 BP │ 100.00% │ p50:    0.0μs │ p99:    0.0μs │
│  598,948 msg/s │  3,581,637 sent │          0 success │        0 fails │     27 BP │ 100.00% │ p50:    0.0μs │ p99:    0.0μs │
│  599,392 msg/s │  4,780,421 sent │          0 success │        0 fails │     36 BP │ 100.00% │ p50:    0.0μs │ p99:    0.0μs │
│  596,523 msg/s │  5,973,467 sent │          0 success │        0 fails │     45 BP │ 100.00% │ p50:    0.0μs │ p99:    0.0μs │
→ Warmup complete, starting measurement...
│  599,438 msg/s │  1,195,280 sent │  1,195,285 success │        0 fails │      9 BP │ 100.00% │ p50:    0.2μs │ p99:    1.6μs │
│  597,626 msg/s │  2,390,532 sent │  2,390,537 success │        0 fails │     18 BP │ 100.00% │ p50:    0.2μs │ p99:    0.5μs │
[Egress] Received 10,000 responses from cluster
│  597,385 msg/s │  3,585,302 sent │  3,585,308 success │        0 fails │     27 BP │ 100.00% │ p50:    0.2μs │ p99:    0.5μs │
│  599,469 msg/s │  4,784,240 sent │  4,784,245 success │        0 fails │     37 BP │ 100.00% │ p50:    0.2μs │ p99:    1.7μs │
│  599,585 msg/s │  5,983,411 sent │  5,983,416 success │        0 fails │     46 BP │ 100.00% │ p50:    0.2μs │ p99:    1.6μs │
│  599,515 msg/s │  7,182,441 sent │  7,182,447 success │        0 fails │     55 BP │ 100.00% │ p50:    0.2μs │ p99:    0.3μs │
│  599,459 msg/s │  8,381,360 sent │  8,381,365 success │        0 fails │     64 BP │ 100.00% │ p50:    0.2μs │ p99:    1.7μs │
│  537,972 msg/s │  9,457,304 sent │  9,457,309 success │  123,387 fails │ 1,233,951 BP │  98.71% │ p50:    0.2μs │ p99:    1.0μs │
│  410,419 msg/s │ 10,278,143 sent │ 10,278,143 success │  501,755 fails │ 5,017,656 BP │  95.35% │ p50:    0.2μs │ p99:    1.5μs │
│  599,682 msg/s │ 11,477,508 sent │ 11,477,516 success │  501,775 fails │ 5,017,866 BP │  95.81% │ p50:    0.2μs │ p99:    1.4μs │
[Egress] Received 20,000 responses from cluster
│  574,007 msg/s │ 12,625,523 sent │ 12,625,531 success │  553,188 fails │ 5,532,004 BP │  95.80% │ p50:    0.2μs │ p99:    1.2μs │
│  599,731 msg/s │ 13,824,986 sent │ 13,824,992 success │  553,188 fails │ 5,532,014 BP │  96.15% │ p50:    0.2μs │ p99:    1.3μs │
│  599,391 msg/s │ 15,023,768 sent │ 15,023,773 success │  553,188 fails │ 5,532,023 BP │  96.45% │ p50:    0.2μs │ p99:    1.3μs │
│  599,754 msg/s │ 16,223,277 sent │ 16,223,283 success │  553,188 fails │ 5,532,032 BP │  96.70% │ p50:    0.3μs │ p99:    1.0μs │
│  580,521 msg/s │ 17,384,319 sent │ 17,384,319 success │  591,639 fails │ 5,916,551 BP │  96.71% │ p50:    0.2μs │ p99:    0.3μs │
│  595,964 msg/s │ 18,576,843 sent │ 18,576,843 success │  591,639 fails │ 5,916,560 BP │  96.91% │ p50:    0.2μs │ p99:    0.3μs │
│  595,661 msg/s │ 19,767,571 sent │ 19,767,571 success │  591,639 fails │ 5,916,569 BP │  97.09% │ p50:    0.2μs │ p99:    1.4μs │

→ Test duration reached, stopping...
[Worker-0] Stopped, enqueued 26,930,271 messages

→ Shutting down load generator...

╔══════════════════════════════════════════════════════════════════════════════╗
║                              Final Results                                   ║
╚══════════════════════════════════════════════════════════════════════════════╝

Total Duration:            45,454 ms
Messages Sent:         20,364,416
Successful:            20,364,416 (97.18%)
Failed:                   591,639
Backpressure Events:    5,916,573
Timeouts:                 591,639
Average Throughput:    448,022.53 msg/s

Latency Distribution (μs):
  Min:                       0.14 μs
  p50 (median):              0.23 μs
  p95:                       0.27 μs
  p99:                       0.34 μs
  Max:                      93.64 μs
  Avg:                       0.24 μs

✓ Load generator stopped
