╔══════════════════════════════════════════════════════════════════════════════╗
║              Aeron Cluster Load Generator Starting...                       ║
╚══════════════════════════════════════════════════════════════════════════════╝

→ Launching embedded Media Driver...
✓ Media Driver launched
→ Connecting to Aeron Cluster...
✓ Connected to cluster: 0=localhost:9002,1=localhost:9102,2=localhost:9202

╔══════════════════════════════════════════════════════════════════════════════╗
║                          Load Test Configuration                            ║
╠══════════════════════════════════════════════════════════════════════════════╣
║ Target Rate:         700,000 orders/sec                                        ║
║ Duration:                 15 seconds                                            ║
║ Worker Threads:            1                                                    ║
║ Market:           BTC-USD                                                     ║
║ Scenario:         Aggressive Trading                                          ║
╚══════════════════════════════════════════════════════════════════════════════╝

→ Starting load generation...

[Worker-0] Started, target rate: 700000 msg/s
→ JIT Warmup phase: 5 seconds (metrics disabled)...
│  582,243 msg/s │  1,394,473 sent │          0 success │        0 fails │     10 BP │ 100.00% │ p50:    0.0μs │ p99:    0.0μs │
│  697,038 msg/s │  2,787,852 sent │          0 success │        0 fails │     21 BP │ 100.00% │ p50:    0.0μs │ p99:    0.0μs │
→ Warmup complete, starting measurement...
│  701,790 msg/s │    698,983 sent │    698,983 success │        0 fails │      5 BP │ 100.00% │ p50:    0.2μs │ p99:  847.5μs │
│  677,918 msg/s │  2,054,819 sent │  2,054,819 success │        0 fails │     16 BP │ 100.00% │ p50:    0.2μs │ p99:    2.0μs │
│  693,966 msg/s │  3,442,752 sent │  3,442,757 success │    1,225 fails │ 12,277 BP │  99.96% │ p50:    0.2μs │ p99:    4.6μs │
│  695,367 msg/s │  4,834,183 sent │  4,834,188 success │    1,225 fails │ 12,288 BP │  99.97% │ p50:    0.2μs │ p99:    0.3μs │
[Egress] Received 10,000 responses from cluster
│  699,360 msg/s │  6,232,204 sent │  6,232,204 success │    1,225 fails │ 12,299 BP │  99.98% │ p50:    0.3μs │ p99:    0.7μs │

→ Test duration reached, stopping...
[Worker-0] Stopped, enqueued 10,419,097 messages

→ Shutting down load generator...

╔══════════════════════════════════════════════════════════════════════════════╗
║                              Final Results                                   ║
╚══════════════════════════════════════════════════════════════════════════════╝

Total Duration:            15,429 ms
Messages Sent:          6,895,399
Successful:             6,895,399 (99.47%)
Failed:                    36,429
Backpressure Events:      364,344
Timeouts:                  36,429
Average Throughput:    446,911.60 msg/s

Latency Distribution (μs):
  Min:                       0.14 μs
  p50 (median):              0.28 μs
  p95:                       2.24 μs
  p99:                       4.05 μs
  Max:                   2,044.52 μs
  Avg:                       4.17 μs

✓ Load generator stopped
