╔══════════════════════════════════════════════════════════════════════════════╗
║              Aeron Cluster Load Generator Starting...                       ║
╚══════════════════════════════════════════════════════════════════════════════╝

→ Launching embedded Media Driver...
✓ Media Driver launched
→ Connecting to Aeron Cluster...
✓ Connected to cluster: 0=localhost:9002,1=localhost:9102,2=localhost:9202

╔══════════════════════════════════════════════════════════════════════════════╗
║                          Load Test Configuration                            ║
╠══════════════════════════════════════════════════════════════════════════════╣
║ Target Rate:         600,000 orders/sec                                        ║
║ Duration:                 20 seconds                                            ║
║ Worker Threads:            1                                                    ║
║ Market:           BTC-USD                                                     ║
║ Scenario:         Aggressive Trading                                          ║
╚══════════════════════════════════════════════════════════════════════════════╝

→ Starting load generation...

[Worker-0] Started, target rate: 600000 msg/s
→ JIT Warmup phase: 5 seconds (metrics disabled)...
│  505,209 msg/s │  1,194,316 sent │          0 success │        0 fails │      9 BP │ 100.00% │ p50:    0.0μs │ p99:    0.0μs │
│  599,610 msg/s │  2,392,937 sent │          0 success │        0 fails │     18 BP │ 100.00% │ p50:    0.0μs │ p99:    0.0μs │
→ Warmup complete, starting measurement...
│  608,918 msg/s │    597,958 sent │    597,963 success │        0 fails │      5 BP │ 100.00% │ p50:    0.2μs │ p99: 14602.4μs │
│  599,376 msg/s │  1,797,311 sent │  1,797,314 success │        0 fails │     14 BP │ 100.00% │ p50:    0.2μs │ p99:    0.3μs │
│  599,394 msg/s │  2,995,500 sent │  2,995,520 success │        0 fails │     23 BP │ 100.00% │ p50:    0.3μs │ p99:    1.9μs │
│  590,121 msg/s │  4,175,742 sent │  4,175,748 success │   18,544 fails │ 185,529 BP │  99.56% │ p50:    0.2μs │ p99:    0.3μs │
│  599,685 msg/s │  5,375,113 sent │  5,375,119 success │   18,544 fails │ 185,538 BP │  99.66% │ p50:    0.2μs │ p99:    0.4μs │
[Egress] Received 10,000 responses from cluster
│  599,211 msg/s │  6,573,536 sent │  6,573,542 success │   18,544 fails │ 185,547 BP │  99.72% │ p50:    0.3μs │ p99:    2.3μs │
│  588,905 msg/s │  7,751,346 sent │  7,751,351 success │   39,289 fails │ 393,006 BP │  99.50% │ p50:    0.2μs │ p99:    1.7μs │

→ Test duration reached, stopping...
[Worker-0] Stopped, enqueued 11,984,833 messages
│  599,509 msg/s │  8,950,365 sent │  8,950,370 success │   39,289 fails │ 393,016 BP │  99.56% │ p50:    0.2μs │ p99:    0.3μs │

→ Shutting down load generator...

╔══════════════════════════════════════════════════════════════════════════════╗
║                              Final Results                                   ║
╚══════════════════════════════════════════════════════════════════════════════╝

Total Duration:            20,418 ms
Messages Sent:          8,951,768
Successful:             8,951,768 (99.56%)
Failed:                    39,289
Backpressure Events:      393,016
Timeouts:                  39,289
Average Throughput:    438,425.31 msg/s

Latency Distribution (μs):
  Min:                       0.14 μs
  p50 (median):              0.22 μs
  p95:                       0.29 μs
  p99:                       0.33 μs
  Max:                     113.12 μs
  Avg:                       0.25 μs

✓ Load generator stopped
